<?xml version="1.0" encoding="UTF-8"?>
<!-- Generated by org.testng.reporters.JUnitXMLReporter -->
<testsuite hostname="DESKTOP-JP52KVH" ignored="0" name="Test" tests="2" failures="0" timestamp="24 May 2020 14:32:33 GMT" time="23.604" errors="0">
  <testcase name="ChromeTest" time="12.052" classname="DockerGridimplementation.DockerGridimplementation.DockerchromeTest"/>
  <testcase name="ChromeTest" time="23.576" classname="DockerGridimplementation.DockerGridimplementation.DockerFirefoxTest"/>
</testsuite> <!-- Test -->
