<?xml version="1.0" encoding="UTF-8"?>
<!-- Generated by org.testng.reporters.JUnitXMLReporter -->
<testsuite hostname="DESKTOP-JP52KVH" ignored="0" name="Test" tests="2" failures="0" timestamp="24 May 2020 15:03:18 GMT" time="72.566" errors="0">
  <testcase name="ChromeTest" time="53.425" classname="DockerGridimplementation.DockerGridimplementation.DockerchromeTest"/>
  <testcase name="ChromeTest" time="67.485" classname="DockerGridimplementation.DockerGridimplementation.DockerFirefoxTest"/>
</testsuite> <!-- Test -->
