<?xml version="1.0" encoding="UTF-8"?>
<testng-results skipped="0" failed="0" ignored="0" total="2" passed="2">
  <reporter-output>
  </reporter-output>
  <suite name="Suite" duration-ms="23604" started-at="2020-05-24T14:32:09Z" finished-at="2020-05-24T14:32:33Z">
    <groups>
    </groups>
    <test name="Test" duration-ms="23604" started-at="2020-05-24T14:32:09Z" finished-at="2020-05-24T14:32:33Z">
      <class name="DockerGridimplementation.DockerGridimplementation.DockerFirefoxTest">
        <test-method status="PASS" signature="ChromeTest()[pri:0, instance:DockerGridimplementation.DockerGridimplementation.DockerFirefoxTest@224edc67]" name="ChromeTest" duration-ms="23576" started-at="2020-05-24T14:32:09Z" finished-at="2020-05-24T14:32:33Z">
          <reporter-output>
          </reporter-output>
        </test-method> <!-- ChromeTest -->
      </class> <!-- DockerGridimplementation.DockerGridimplementation.DockerFirefoxTest -->
      <class name="DockerGridimplementation.DockerGridimplementation.DockerHooks">
        <test-method status="PASS" signature="BeforeTest()[pri:0, instance:DockerGridimplementation.DockerGridimplementation.DockerHooks@26be92ad]" name="BeforeTest" is-config="true" duration-ms="15016" started-at="2020-05-24T14:31:54Z" finished-at="2020-05-24T14:32:09Z">
          <reporter-output>
          </reporter-output>
        </test-method> <!-- BeforeTest -->
        <test-method status="PASS" signature="AfterTest()[pri:0, instance:DockerGridimplementation.DockerGridimplementation.DockerHooks@26be92ad]" name="AfterTest" is-config="true" duration-ms="3" started-at="2020-05-24T14:32:33Z" finished-at="2020-05-24T14:32:33Z">
          <reporter-output>
          </reporter-output>
        </test-method> <!-- AfterTest -->
      </class> <!-- DockerGridimplementation.DockerGridimplementation.DockerHooks -->
      <class name="DockerGridimplementation.DockerGridimplementation.DockerchromeTest">
        <test-method status="PASS" signature="ChromeTest()[pri:0, instance:DockerGridimplementation.DockerGridimplementation.DockerchromeTest@4c70fda8]" name="ChromeTest" duration-ms="12052" started-at="2020-05-24T14:32:09Z" finished-at="2020-05-24T14:32:21Z">
          <reporter-output>
          </reporter-output>
        </test-method> <!-- ChromeTest -->
      </class> <!-- DockerGridimplementation.DockerGridimplementation.DockerchromeTest -->
    </test> <!-- Test -->
  </suite> <!-- Suite -->
</testng-results>
